<?xml version="1.0" encoding="UTF-8"?>
<!-- Generated by org.testng.reporters.JUnitReportReporter -->
<testsuite skipped="0" hostname="DESKTOP-KT7VBHV" name="com.ebay.qa.testcases.OrderFormTest" tests="1" failures="0" timestamp="2020-09-23T12:55:38 IST" time="26.118" errors="0">
  <testcase name="orderFormTest" time="26.118" classname="com.ebay.qa.testcases.OrderFormTest"/>
  <system-out/>
</testsuite> <!-- com.ebay.qa.testcases.OrderFormTest -->
