<?xml version="1.0" encoding="UTF-8"?>
<!-- Generated by org.testng.reporters.JUnitReportReporter -->
<testsuite skipped="0" hostname="DESKTOP-KT7VBHV" name="com.ebay.qa.testcases.LoginTest" tests="2" failures="0" timestamp="2020-09-22T15:05:24 IST" time="30.663" errors="0">
  <testcase name="loginpageTitleTest" time="13.019" classname="com.ebay.qa.testcases.LoginTest"/>
  <system-out/>
  <testcase name="LoginpageTest" time="17.644" classname="com.ebay.qa.testcases.LoginTest"/>
  <system-out/>
</testsuite> <!-- com.ebay.qa.testcases.LoginTest -->
